<?xml version="1.0" encoding="UTF-8"?>
<!-- Generated by org.testng.reporters.JUnitReportReporter -->
<testsuite hostname="DESKTOP-TIC5DM4" failures="0" tests="1" name="TestRunners.BDDWebTestNGRunner" time="24.296" errors="1" timestamp="2024-09-08T16:44:58 IST" skipped="0">
  <testcase classname="TestRunners.BDDWebTestNGRunner" name="runScenario" time="24.296">
    <error message="Cannot invoke &quot;org.openqa.selenium.WebDriver.switchTo()&quot; because &quot;driver&quot; is null" type="java.lang.NullPointerException">
      <![CDATA[java.lang.NullPointerException: Cannot invoke "org.openqa.selenium.WebDriver.switchTo()" because "driver" is null
at org.openqa.selenium.support.ui.ExpectedConditions$28.apply(ExpectedConditions.java:792)
at org.openqa.selenium.support.ui.ExpectedConditions$28.apply(ExpectedConditions.java:788)
at org.openqa.selenium.support.ui.FluentWait.until(FluentWait.java:203)
at com.pages.BDDHolidayPackage.pops(BDDHolidayPackage.java:47)
at Steps.BDDHolidayPackageSteps.usser_selects_nearest_city_and_clicks_on_update(BDDHolidayPackageSteps.java:36)
at ✽.Usser Selects nearest city and clicks on update(file:///C:/Users/Administrator/Desktop/CapstoneProject/CapstoneProject/src/test/resources/features/MakeMyTripFeature.feature:58)
]]>
    </error>
  </testcase> <!-- runScenario -->
</testsuite> <!-- TestRunners.BDDWebTestNGRunner -->
