<?xml version="1.0" encoding="UTF-8"?>
<!-- Generated by org.testng.reporters.JUnitReportReporter -->
<testsuite hostname="DESKTOP-TIC5DM4" failures="0" tests="1" name="TestRunners.SelWebTestNGRunner" time="16.384" errors="1" timestamp="2024-09-05T19:53:29 IST" skipped="0">
  <testcase classname="TestRunners.SelWebTestNGRunner" name="runScenario" time="16.384">
    <error message="Cannot invoke &quot;org.openqa.selenium.WebDriver.findElement(org.openqa.selenium.By)&quot; because &quot;driver&quot; is null" type="java.lang.NullPointerException">
      <![CDATA[java.lang.NullPointerException: Cannot invoke "org.openqa.selenium.WebDriver.findElement(org.openqa.selenium.By)" because "driver" is null
at org.openqa.selenium.support.ui.ExpectedConditions$7.apply(ExpectedConditions.java:194)
at org.openqa.selenium.support.ui.ExpectedConditions$7.apply(ExpectedConditions.java:190)
at org.openqa.selenium.support.ui.FluentWait.until(FluentWait.java:203)
at com.pages.BDDHolidayPackage.pops(BDDHolidayPackage.java:41)
at Steps.BDDHolidayPackageSteps.usser_selects_nearest_city_and_clicks_on_update(BDDHolidayPackageSteps.java:34)
at ✽.Usser Selects nearest city and clicks on update(file:///C:/Users/Administrator/Desktop/CapstoneProject/CapstoneProject/src/test/resources/features/MakeMyTripFeature.feature:57)
]]>
    </error>
  </testcase> <!-- runScenario -->
</testsuite> <!-- TestRunners.SelWebTestNGRunner -->
