<?xml version="1.0" encoding="UTF-8"?>
<!-- Generated by org.testng.reporters.JUnitReportReporter -->
<testsuite hostname="DESKTOP-TIC5DM4" failures="0" tests="4" name="Steps.ParallelRunBDD" time="213.140" errors="1" timestamp="2024-09-04T13:09:53 IST" skipped="0">
  <testcase classname="Steps.ParallelRunBDD" name="runScenario" time="64.345"/>
  <testcase classname="Steps.ParallelRunBDD" name="runScenario" time="29.642">
    <error message="Cannot invoke &quot;org.openqa.selenium.WebDriver.findElement(org.openqa.selenium.By)&quot; because &quot;driver&quot; is null" type="java.lang.NullPointerException">
      <![CDATA[java.lang.NullPointerException: Cannot invoke "org.openqa.selenium.WebDriver.findElement(org.openqa.selenium.By)" because "driver" is null
at org.openqa.selenium.support.ui.ExpectedConditions$7.apply(ExpectedConditions.java:194)
at org.openqa.selenium.support.ui.ExpectedConditions$7.apply(ExpectedConditions.java:190)
at org.openqa.selenium.support.ui.FluentWait.until(FluentWait.java:203)
at com.pages.BDDHolidayPackage.pops(BDDHolidayPackage.java:40)
at Steps.BDDHolidayPackageSteps.usser_selects_nearest_city_and_clicks_on_update(BDDHolidayPackageSteps.java:34)
at ✽.Usser Selects nearest city and clicks on update(file:///C:/Users/Administrator/Desktop/CapstoneProject/CapstoneProject/src/test/resources/features/MakeMyTripFeature.feature:56)
]]>
    </error>
  </testcase> <!-- runScenario -->
  <testcase classname="Steps.ParallelRunBDD" name="runScenario" time="59.797"/>
  <testcase classname="Steps.ParallelRunBDD" name="runScenario" time="59.356"/>
</testsuite> <!-- Steps.ParallelRunBDD -->
